<?xml version="1.0" encoding="UTF-8"?>
<!-- Generated by org.testng.reporters.JUnitReportReporter -->
<testsuite skipped="0" hostname="9854551s-MBP" name="Academy.baseClass" tests="1" failures="0" timestamp="2020-06-23T22:46:03 BST" time="0.007" errors="0">
  <testcase name="initializeDriver" time="0.007" classname="Academy.baseClass"/>
  <system-out/>
</testsuite> <!-- Academy.baseClass -->
