<?xml version="1.0" encoding="UTF-8"?>
<!-- Generated by org.testng.reporters.JUnitReportReporter -->
<testsuite skipped="0" hostname="9854551s-MBP" name="cucumberOptions.TestRunner" tests="1" failures="0" timestamp="2020-06-29T23:30:36 BST" time="11.008" errors="0">
  <testcase name="feature" time="11.008" classname="cucumberOptions.TestRunner"/>
  <system-out/>
</testsuite> <!-- cucumberOptions.TestRunner -->
