<?xml version="1.0" encoding="UTF-8"?>
<!-- Generated by org.testng.reporters.JUnitReportReporter -->
<testsuite skipped="0" hostname="9854551s-MBP" name="Academy.HomePageTest" tests="2" failures="0" timestamp="2020-07-14T21:02:24 BST" time="9.656" errors="0">
  <testcase name="HomePageNavigation" time="4.444" classname="Academy.HomePageTest"/>
  <system-out/>
  <testcase name="HomePageNavigation" time="5.212" classname="Academy.HomePageTest"/>
  <system-out/>
</testsuite> <!-- Academy.HomePageTest -->
