<?xml version="1.0" encoding="UTF-8"?>
<!-- Generated by org.testng.reporters.JUnitReportReporter -->
<testsuite skipped="0" hostname="9854551s-MBP" name="com.Academy.HomePageTest" tests="2" failures="0" timestamp="2020-07-14T20:04:38 BST" time="9.684" errors="0">
  <testcase name="HomePageNavigation" time="4.469" classname="com.Academy.HomePageTest"/>
  <system-out/>
  <testcase name="HomePageNavigation" time="5.215" classname="com.Academy.HomePageTest"/>
  <system-out/>
</testsuite> <!-- com.Academy.HomePageTest -->
