<?xml version="1.0" encoding="UTF-8"?>
<!-- Generated by org.testng.reporters.JUnitReportReporter -->
<testsuite skipped="0" hostname="9854551s-MBP" name="Academy.CallBaseClass" tests="1" failures="0" timestamp="2020-06-23T23:35:03 BST" time="3.667" errors="0">
  <testcase name="baseClassNavigation" time="3.667" classname="Academy.CallBaseClass"/>
  <system-out/>
</testsuite> <!-- Academy.CallBaseClass -->
